-3/4 == -3/4 = true
-3/4 != -3/4 = false
-3/4 <  -3/4 = false
-3/4 <= -3/4 = true
-3/4 >  -3/4 = false
-3/4 >= -3/4 = true
-3/4 == 3/4 = false
-3/4 != 3/4 = true
-3/4 <  3/4 = true
-3/4 <= 3/4 = true
-3/4 >  3/4 = false
-3/4 >= 3/4 = false
0/5 == 0/7 = true
0/5 != 0/7 = false
0/5 <  0/7 = false
0/5 <= 0/7 = true
0/5 >  0/7 = false
0/5 >= 0/7 = true
1/1 == 5/4 = false
1/1 != 5/4 = true
1/1 <  5/4 = true
1/1 <= 5/4 = true
1/1 >  5/4 = false
1/1 >= 5/4 = false
25/45 == 8/99 = false
25/45 != 8/99 = true
25/45 <  8/99 = false
25/45 <= 8/99 = false
25/45 >  8/99 = true
25/45 >= 8/99 = true
3/4 == -3/4 = false
3/4 != -3/4 = true
3/4 <  -3/4 = false
3/4 <= -3/4 = false
3/4 >  -3/4 = true
3/4 >= -3/4 = true
1/4 == 3/2 = false
1/4 != 3/2 = true
1/4 <  3/2 = true
1/4 <= 3/2 = true
1/4 >  3/2 = false
1/4 >= 3/2 = false
1/4 == 3/-2 = false
1/4 != 3/-2 = true
1/4 <  3/-2 = false
1/4 <= 3/-2 = false
1/4 >  3/-2 = true
1/4 >= 3/-2 = true
-1/-4 == -3/-2 = false
-1/-4 != -3/-2 = true
-1/-4 <  -3/-2 = true
-1/-4 <= -3/-2 = true
-1/-4 >  -3/-2 = false
-1/-4 >= -3/-2 = false
