-1/-4 == -3/-2 = false
-1/-4 != -3/-2 = true
-1/-4 <  -3/-2 = true
-1/-4 <= -3/-2 = true
-1/-4 >  -3/-2 = false
-1/-4 >= -3/-2 = false
-1/-4 == -3/2 = false
-1/-4 != -3/2 = true
-1/-4 <  -3/2 = false
-1/-4 <= -3/2 = false
-1/-4 >  -3/2 = true
-1/-4 >= -3/2 = true
-1/-4 == 3/-2 = false
-1/-4 != 3/-2 = true
-1/-4 <  3/-2 = false
-1/-4 <= 3/-2 = false
-1/-4 >  3/-2 = true
-1/-4 >= 3/-2 = true
-1/-4 == 3/2 = false
-1/-4 != 3/2 = true
-1/-4 <  3/2 = true
-1/-4 <= 3/2 = true
-1/-4 >  3/2 = false
-1/-4 >= 3/2 = false
-1/4 == -3/-2 = false
-1/4 != -3/-2 = true
-1/4 <  -3/-2 = true
-1/4 <= -3/-2 = true
-1/4 >  -3/-2 = false
-1/4 >= -3/-2 = false
-1/4 == -3/2 = false
-1/4 != -3/2 = true
-1/4 <  -3/2 = false
-1/4 <= -3/2 = false
-1/4 >  -3/2 = true
-1/4 >= -3/2 = true
-1/4 == 3/-2 = false
-1/4 != 3/-2 = true
-1/4 <  3/-2 = false
-1/4 <= 3/-2 = false
-1/4 >  3/-2 = true
-1/4 >= 3/-2 = true
-1/4 == 3/2 = false
-1/4 != 3/2 = true
-1/4 <  3/2 = true
-1/4 <= 3/2 = true
-1/4 >  3/2 = false
-1/4 >= 3/2 = false
-3/4 == -3/4 = true
-3/4 != -3/4 = false
-3/4 <  -3/4 = false
-3/4 <= -3/4 = true
-3/4 >  -3/4 = false
-3/4 >= -3/4 = true
-3/4 == 3/4 = false
-3/4 != 3/4 = true
-3/4 <  3/4 = true
-3/4 <= 3/4 = true
-3/4 >  3/4 = false
-3/4 >= 3/4 = false
0/5 == 0/7 = true
0/5 != 0/7 = false
0/5 <  0/7 = false
0/5 <= 0/7 = true
0/5 >  0/7 = false
0/5 >= 0/7 = true
1/-4 == -3/-2 = false
1/-4 != -3/-2 = true
1/-4 <  -3/-2 = true
1/-4 <= -3/-2 = true
1/-4 >  -3/-2 = false
1/-4 >= -3/-2 = false
1/-4 == -3/2 = false
1/-4 != -3/2 = true
1/-4 <  -3/2 = false
1/-4 <= -3/2 = false
1/-4 >  -3/2 = true
1/-4 >= -3/2 = true
1/-4 == 3/-2 = false
1/-4 != 3/-2 = true
1/-4 <  3/-2 = false
1/-4 <= 3/-2 = false
1/-4 >  3/-2 = true
1/-4 >= 3/-2 = true
1/-4 == 3/2 = false
1/-4 != 3/2 = true
1/-4 <  3/2 = true
1/-4 <= 3/2 = true
1/-4 >  3/2 = false
1/-4 >= 3/2 = false
1/1 == 5/4 = false
1/1 != 5/4 = true
1/1 <  5/4 = true
1/1 <= 5/4 = true
1/1 >  5/4 = false
1/1 >= 5/4 = false
1/4 == -3/-2 = false
1/4 != -3/-2 = true
1/4 <  -3/-2 = true
1/4 <= -3/-2 = true
1/4 >  -3/-2 = false
1/4 >= -3/-2 = false
1/4 == -3/2 = false
1/4 != -3/2 = true
1/4 <  -3/2 = false
1/4 <= -3/2 = false
1/4 >  -3/2 = true
1/4 >= -3/2 = true
1/4 == 3/-2 = false
1/4 != 3/-2 = true
1/4 <  3/-2 = false
1/4 <= 3/-2 = false
1/4 >  3/-2 = true
1/4 >= 3/-2 = true
1/4 == 3/2 = false
1/4 != 3/2 = true
1/4 <  3/2 = true
1/4 <= 3/2 = true
1/4 >  3/2 = false
1/4 >= 3/2 = false
127/1651 == 83/1079 = true
127/1651 != 83/1079 = false
127/1651 <  83/1079 = false
127/1651 <= 83/1079 = true
127/1651 >  83/1079 = false
127/1651 >= 83/1079 = true
129/6579 == 1935/249 = false
129/6579 != 1935/249 = true
129/6579 <  1935/249 = true
129/6579 <= 1935/249 = true
129/6579 >  1935/249 = false
129/6579 >= 1935/249 = false
1331/1651 == 2301/1079 = false
1331/1651 != 2301/1079 = true
1331/1651 <  2301/1079 = true
1331/1651 <= 2301/1079 = true
1331/1651 >  2301/1079 = false
1331/1651 >= 2301/1079 = false
25/45 == 8/99 = false
25/45 != 8/99 = true
25/45 <  8/99 = false
25/45 <= 8/99 = false
25/45 >  8/99 = true
25/45 >= 8/99 = true
3/1260 == 6/198 = false
3/1260 != 6/198 = true
3/1260 <  6/198 = true
3/1260 <= 6/198 = true
3/1260 >  6/198 = false
3/1260 >= 6/198 = false
3/4 == -3/4 = false
3/4 != -3/4 = true
3/4 <  -3/4 = false
3/4 <= -3/4 = false
3/4 >  -3/4 = true
3/4 >= -3/4 = true
43/1935 == 207/6579 = false
43/1935 != 207/6579 = true
43/1935 <  207/6579 = true
43/1935 <= 207/6579 = true
43/1935 >  207/6579 = false
43/1935 >= 207/6579 = false
5/7 == 25/35 = true
5/7 != 25/35 = false
5/7 <  25/35 = false
5/7 <= 25/35 = true
5/7 >  25/35 = false
5/7 >= 25/35 = true
83/1651 == 127/1079 = false
83/1651 != 127/1079 = true
83/1651 <  127/1079 = true
83/1651 <= 127/1079 = true
83/1651 >  127/1079 = false
83/1651 >= 127/1079 = false
