0aaaAA is valid
1bbbBB is valid
2cccCC is valid
3dddDD is valid
4eeeEE is valid
5fffFF is valid
6gggGG is valid
7hhhHH is valid
8iiiII is valid
9jjjJJ is valid
0kkkKK is valid
1lllLL is valid
2mmmMM is valid
3nnnNN is valid
4oooOO is valid
5pppPP is valid
6qqqQQ is valid
7rrrRR is valid
8sssSS is valid
9tttTT is valid
0uuuUU is valid
1vvvVV is valid
2wwwWW is valid
3xxxXX is valid
4yyyYY is valid
5zzzZZ is valid
0000aA is valid
1111bB is valid
2222cC is valid
3333dD is valid
4444eE is valid
5555fF is valid
6666gG is valid
7777hH is valid
8888iI is valid
9999jJ is valid
