first = 1/-2
second = -3/1
third = 0/1
Before reduce() third = -1/-4 After reduce() third = 1/4
Before reduce() third = -3/-2 After reduce() third = 3/2
Before reduce() third = -1/-4 After reduce() third = 1/4
Before reduce() third = -3/2 After reduce() third = -3/2
Before reduce() third = -1/-4 After reduce() third = 1/4
Before reduce() third = 3/-2 After reduce() third = -3/2
Before reduce() third = -1/-4 After reduce() third = 1/4
Before reduce() third = 3/2 After reduce() third = 3/2
Before reduce() third = -1/4 After reduce() third = -1/4
Before reduce() third = -3/-2 After reduce() third = 3/2
Before reduce() third = -1/4 After reduce() third = -1/4
Before reduce() third = -3/2 After reduce() third = -3/2
Before reduce() third = -1/4 After reduce() third = -1/4
Before reduce() third = 3/-2 After reduce() third = -3/2
Before reduce() third = -1/4 After reduce() third = -1/4
Before reduce() third = 3/2 After reduce() third = 3/2
Before reduce() third = -3/4 After reduce() third = -3/4
Before reduce() third = -3/4 After reduce() third = -3/4
Before reduce() third = -3/4 After reduce() third = -3/4
Before reduce() third = 3/4 After reduce() third = 3/4
Before reduce() third = 1/-4 After reduce() third = -1/4
Before reduce() third = -3/-2 After reduce() third = 3/2
Before reduce() third = 1/-4 After reduce() third = -1/4
Before reduce() third = -3/2 After reduce() third = -3/2
Before reduce() third = 1/-4 After reduce() third = -1/4
Before reduce() third = 3/-2 After reduce() third = -3/2
Before reduce() third = 1/-4 After reduce() third = -1/4
Before reduce() third = 3/2 After reduce() third = 3/2
Before reduce() third = 1/1 After reduce() third = 1/1
Before reduce() third = 5/4 After reduce() third = 5/4
Before reduce() third = 1/4 After reduce() third = 1/4
Before reduce() third = -3/-2 After reduce() third = 3/2
Before reduce() third = 1/4 After reduce() third = 1/4
Before reduce() third = -3/2 After reduce() third = -3/2
Before reduce() third = 1/4 After reduce() third = 1/4
Before reduce() third = 3/-2 After reduce() third = -3/2
Before reduce() third = 1/4 After reduce() third = 1/4
Before reduce() third = 3/2 After reduce() third = 3/2
Before reduce() third = 127/1651 After reduce() third = 1/13
Before reduce() third = 83/1079 After reduce() third = 1/13
Before reduce() third = 129/6579 After reduce() third = 1/51
Before reduce() third = 1935/249 After reduce() third = 645/83
Before reduce() third = 1331/1651 After reduce() third = 1331/1651
Before reduce() third = 2301/1079 After reduce() third = 177/83
Before reduce() third = 25/45 After reduce() third = 5/9
Before reduce() third = 8/99 After reduce() third = 8/99
Before reduce() third = 3/1260 After reduce() third = 1/420
Before reduce() third = 6/198 After reduce() third = 1/33
Before reduce() third = 3/4 After reduce() third = 3/4
Before reduce() third = -3/4 After reduce() third = -3/4
Before reduce() third = 43/1935 After reduce() third = 1/45
Before reduce() third = 207/6579 After reduce() third = 23/731
Before reduce() third = 5/7 After reduce() third = 5/7
Before reduce() third = 25/35 After reduce() third = 5/7
Before reduce() third = 83/1651 After reduce() third = 83/1651
Before reduce() third = 127/1079 After reduce() third = 127/1079
